This file contains any messages produced by compilers while
running configure, to aid debugging if configure makes a mistake.

It was created by vnstat configure 1.18, which was
generated by GNU Autoconf 2.69.  Invocation command line was

  $ ./configure --prefix=/home2/ec2-user/dev/network_monitoring/vnstat-1.18

## --------- ##
## Platform. ##
## --------- ##

hostname = ip-172-31-38-111
uname -m = x86_64
uname -r = 4.9.93-41.60.amzn1.x86_64
uname -s = Linux
uname -v = #1 SMP Fri Apr 13 21:58:27 UTC 2018

/usr/bin/uname -p = unknown
/bin/uname -X     = unknown

/bin/arch              = x86_64
/usr/bin/arch -k       = unknown
/usr/convex/getsysinfo = unknown
/usr/bin/hostinfo      = unknown
/bin/machine           = unknown
/usr/bin/oslevel       = unknown
/bin/universe          = unknown

PATH: /usr/local/bin
PATH: /bin
PATH: /usr/bin
PATH: /usr/local/sbin
PATH: /usr/sbin
PATH: /sbin
PATH: /opt/aws/bin
PATH: /home/ec2-user/bin/go/bin
PATH: /home/ec2-user/bin
PATH: /home/ec2-user/src/github.com/ethereum/go-ethereum/build/bin
PATH: /home/ec2-user/bin
PATH: /opt/aws/bin
PATH: /home/ec2-user/bin/go/bin
PATH: /home2/ec2-user/bin
PATH: /home2/ec2-user/src/github.com/ethereum/go-ethereum/build/bin
PATH: /home/ec2-user/bin


## ----------- ##
## Core tests. ##
## ----------- ##

configure:2417: checking for a BSD-compatible install
configure:2485: result: /usr/bin/install -c
configure:2496: checking whether build environment is sane
configure:2551: result: yes
configure:2702: checking for a thread-safe mkdir -p
configure:2741: result: /bin/mkdir -p
configure:2748: checking for gawk
configure:2764: found /bin/gawk
configure:2775: result: gawk
configure:2786: checking whether make sets $(MAKE)
configure:2808: result: yes
configure:2837: checking whether make supports nested variables
configure:2854: result: yes
configure:2980: checking whether to enable maintainer-specific portions of Makefiles
configure:2989: result: no
configure:3056: checking for gcc
configure:3072: found /usr/bin/gcc
configure:3083: result: gcc
configure:3312: checking for C compiler version
configure:3321: gcc --version >&5
gcc (GCC) 7.2.1 20170915 (Red Hat 7.2.1-2)
Copyright (C) 2017 Free Software Foundation, Inc.
This is free software; see the source for copying conditions.  There is NO
warranty; not even for MERCHANTABILITY or FITNESS FOR A PARTICULAR PURPOSE.

configure:3332: $? = 0
configure:3321: gcc -v >&5
Using built-in specs.
COLLECT_GCC=gcc
COLLECT_LTO_WRAPPER=/usr/libexec/gcc/x86_64-amazon-linux/7/lto-wrapper
Target: x86_64-amazon-linux
Configured with: ../configure --enable-bootstrap --enable-languages=c,c++,lto --prefix=/usr --mandir=/usr/share/man --infodir=/usr/share/info --with-bugurl=http://bugzilla.redhat.com/bugzilla --enable-shared --enable-threads=posix --enable-checking=release --disable-multilib --with-system-zlib --enable-__cxa_atexit --disable-libunwind-exceptions --enable-gnu-unique-object --enable-linker-build-id --with-gcc-major-version-only --with-linker-hash-style=gnu --enable-plugin --enable-initfini-array --with-default-libstdcxx-abi=gcc4-compatible --without-isl --disable-libmpx --disable-libsanitizer --enable-gnu-indirect-function --disable-libcilkrts --disable-libatomic --disable-libquadmath --disable-libquadmath-suport --disable-libitm --disable-libgomp --with-tune=generic --with-arch_32=x86-64 --build=x86_64-amazon-linux
Thread model: posix
gcc version 7.2.1 20170915 (Red Hat 7.2.1-2) (GCC) 
configure:3332: $? = 0
configure:3321: gcc -V >&5
gcc: error: unrecognized command line option '-V'
gcc: fatal error: no input files
compilation terminated.
configure:3332: $? = 1
configure:3321: gcc -qversion >&5
gcc: error: unrecognized command line option '-qversion'; did you mean '--version'?
gcc: fatal error: no input files
compilation terminated.
configure:3332: $? = 1
configure:3352: checking whether the C compiler works
configure:3374: gcc    conftest.c  >&5
configure:3378: $? = 0
configure:3426: result: yes
configure:3429: checking for C compiler default output file name
configure:3431: result: a.out
configure:3437: checking for suffix of executables
configure:3444: gcc -o conftest    conftest.c  >&5
configure:3448: $? = 0
configure:3470: result: 
configure:3492: checking whether we are cross compiling
configure:3500: gcc -o conftest    conftest.c  >&5
configure:3504: $? = 0
configure:3511: ./conftest
configure:3515: $? = 0
configure:3530: result: no
configure:3535: checking for suffix of object files
configure:3557: gcc -c   conftest.c >&5
configure:3561: $? = 0
configure:3582: result: o
configure:3586: checking whether we are using the GNU C compiler
configure:3605: gcc -c   conftest.c >&5
configure:3605: $? = 0
configure:3614: result: yes
configure:3623: checking whether gcc accepts -g
configure:3643: gcc -c -g  conftest.c >&5
configure:3643: $? = 0
configure:3684: result: yes
configure:3701: checking for gcc option to accept ISO C89
configure:3764: gcc  -c -g -O2  conftest.c >&5
configure:3764: $? = 0
configure:3777: result: none needed
configure:3802: checking whether gcc understands -c and -o together
configure:3824: gcc -c conftest.c -o conftest2.o
configure:3827: $? = 0
configure:3824: gcc -c conftest.c -o conftest2.o
configure:3827: $? = 0
configure:3839: result: yes
configure:3867: checking for style of include used by make
configure:3895: result: GNU
configure:3921: checking dependency style of gcc
configure:4032: result: gcc3
configure:4048: checking whether make sets $(MAKE)
configure:4070: result: yes
configure:4089: checking for pow in -lm
configure:4114: gcc -o conftest -g -O2   conftest.c -lm   >&5
conftest.c:18:6: warning: conflicting types for built-in function 'pow' [-Wbuiltin-declaration-mismatch]
 char pow ();
      ^~~
configure:4114: $? = 0
configure:4123: result: yes
configure:4137: checking for gdImagePng in -lgd
configure:4162: gcc -o conftest -g -O2   conftest.c -lgd  -lm  >&5
/usr/bin/ld: cannot find -lgd
collect2: error: ld returned 1 exit status
configure:4162: $? = 1
configure: failed program was:
| /* confdefs.h */
| #define PACKAGE_NAME "vnstat"
| #define PACKAGE_TARNAME "vnstat"
| #define PACKAGE_VERSION "1.18"
| #define PACKAGE_STRING "vnstat 1.18"
| #define PACKAGE_BUGREPORT ""
| #define PACKAGE_URL ""
| #define PACKAGE "vnstat"
| #define VERSION "1.18"
| #define HAVE_LIBM 1
| /* end confdefs.h.  */
| 
| /* Override any GCC internal prototype to avoid an error.
|    Use char because int might match the return type of a GCC
|    builtin and then its argument prototype would still apply.  */
| #ifdef __cplusplus
| extern "C"
| #endif
| char gdImagePng ();
| int
| main ()
| {
| return gdImagePng ();
|   ;
|   return 0;
| }
configure:4171: result: no
configure:4242: checking for pkg-config
configure:4260: found /usr/bin/pkg-config
configure:4272: result: /usr/bin/pkg-config
configure:4297: checking pkg-config is at least version 0.9.0
configure:4300: result: yes
configure:4310: checking for CHECK
configure:4317: $PKG_CONFIG --exists --print-errors "check >= 0.9.6"
Package check was not found in the pkg-config search path.
Perhaps you should add the directory containing `check.pc'
to the PKG_CONFIG_PATH environment variable
No package 'check' found
configure:4320: $? = 1
configure:4334: $PKG_CONFIG --exists --print-errors "check >= 0.9.6"
Package check was not found in the pkg-config search path.
Perhaps you should add the directory containing `check.pc'
to the PKG_CONFIG_PATH environment variable
No package 'check' found
configure:4337: $? = 1
configure:4351: result: no
No package 'check' found
configure:4367: testcases can not be execute without check installed
configure:4396: checking how to run the C preprocessor
configure:4427: gcc -E  conftest.c
configure:4427: $? = 0
configure:4441: gcc -E  conftest.c
conftest.c:12:10: fatal error: ac_nonexistent.h: No such file or directory
 #include <ac_nonexistent.h>
          ^~~~~~~~~~~~~~~~~~
compilation terminated.
configure:4441: $? = 1
configure: failed program was:
| /* confdefs.h */
| #define PACKAGE_NAME "vnstat"
| #define PACKAGE_TARNAME "vnstat"
| #define PACKAGE_VERSION "1.18"
| #define PACKAGE_STRING "vnstat 1.18"
| #define PACKAGE_BUGREPORT ""
| #define PACKAGE_URL ""
| #define PACKAGE "vnstat"
| #define VERSION "1.18"
| #define HAVE_LIBM 1
| /* end confdefs.h.  */
| #include <ac_nonexistent.h>
configure:4466: result: gcc -E
configure:4486: gcc -E  conftest.c
configure:4486: $? = 0
configure:4500: gcc -E  conftest.c
conftest.c:12:10: fatal error: ac_nonexistent.h: No such file or directory
 #include <ac_nonexistent.h>
          ^~~~~~~~~~~~~~~~~~
compilation terminated.
configure:4500: $? = 1
configure: failed program was:
| /* confdefs.h */
| #define PACKAGE_NAME "vnstat"
| #define PACKAGE_TARNAME "vnstat"
| #define PACKAGE_VERSION "1.18"
| #define PACKAGE_STRING "vnstat 1.18"
| #define PACKAGE_BUGREPORT ""
| #define PACKAGE_URL ""
| #define PACKAGE "vnstat"
| #define VERSION "1.18"
| #define HAVE_LIBM 1
| /* end confdefs.h.  */
| #include <ac_nonexistent.h>
configure:4529: checking for grep that handles long lines and -e
configure:4587: result: /bin/grep
configure:4592: checking for egrep
configure:4654: result: /bin/grep -E
configure:4659: checking for ANSI C header files
configure:4679: gcc -c -g -O2  conftest.c >&5
configure:4679: $? = 0
configure:4752: gcc -o conftest -g -O2   conftest.c -lm  >&5
configure:4752: $? = 0
configure:4752: ./conftest
configure:4752: $? = 0
configure:4763: result: yes
configure:4776: checking for sys/types.h
configure:4776: gcc -c -g -O2  conftest.c >&5
configure:4776: $? = 0
configure:4776: result: yes
configure:4776: checking for sys/stat.h
configure:4776: gcc -c -g -O2  conftest.c >&5
configure:4776: $? = 0
configure:4776: result: yes
configure:4776: checking for stdlib.h
configure:4776: gcc -c -g -O2  conftest.c >&5
configure:4776: $? = 0
configure:4776: result: yes
configure:4776: checking for string.h
configure:4776: gcc -c -g -O2  conftest.c >&5
configure:4776: $? = 0
configure:4776: result: yes
configure:4776: checking for memory.h
configure:4776: gcc -c -g -O2  conftest.c >&5
configure:4776: $? = 0
configure:4776: result: yes
configure:4776: checking for strings.h
configure:4776: gcc -c -g -O2  conftest.c >&5
configure:4776: $? = 0
configure:4776: result: yes
configure:4776: checking for inttypes.h
configure:4776: gcc -c -g -O2  conftest.c >&5
configure:4776: $? = 0
configure:4776: result: yes
configure:4776: checking for stdint.h
configure:4776: gcc -c -g -O2  conftest.c >&5
configure:4776: $? = 0
configure:4776: result: yes
configure:4776: checking for unistd.h
configure:4776: gcc -c -g -O2  conftest.c >&5
configure:4776: $? = 0
configure:4776: result: yes
configure:4791: checking fcntl.h usability
configure:4791: gcc -c -g -O2  conftest.c >&5
configure:4791: $? = 0
configure:4791: result: yes
configure:4791: checking fcntl.h presence
configure:4791: gcc -E  conftest.c
configure:4791: $? = 0
configure:4791: result: yes
configure:4791: checking for fcntl.h
configure:4791: result: yes
configure:4791: checking for inttypes.h
configure:4791: result: yes
configure:4791: checking locale.h usability
configure:4791: gcc -c -g -O2  conftest.c >&5
configure:4791: $? = 0
configure:4791: result: yes
configure:4791: checking locale.h presence
configure:4791: gcc -E  conftest.c
configure:4791: $? = 0
configure:4791: result: yes
configure:4791: checking for locale.h
configure:4791: result: yes
configure:4791: checking for stdint.h
configure:4791: result: yes
configure:4791: checking for stdlib.h
configure:4791: result: yes
configure:4791: checking for string.h
configure:4791: result: yes
configure:4791: checking sys/file.h usability
configure:4791: gcc -c -g -O2  conftest.c >&5
configure:4791: $? = 0
configure:4791: result: yes
configure:4791: checking sys/file.h presence
configure:4791: gcc -E  conftest.c
configure:4791: $? = 0
configure:4791: result: yes
configure:4791: checking for sys/file.h
configure:4791: result: yes
configure:4791: checking sys/mount.h usability
configure:4791: gcc -c -g -O2  conftest.c >&5
configure:4791: $? = 0
configure:4791: result: yes
configure:4791: checking sys/mount.h presence
configure:4791: gcc -E  conftest.c
configure:4791: $? = 0
configure:4791: result: yes
configure:4791: checking for sys/mount.h
configure:4791: result: yes
configure:4791: checking sys/param.h usability
configure:4791: gcc -c -g -O2  conftest.c >&5
configure:4791: $? = 0
configure:4791: result: yes
configure:4791: checking sys/param.h presence
configure:4791: gcc -E  conftest.c
configure:4791: $? = 0
configure:4791: result: yes
configure:4791: checking for sys/param.h
configure:4791: result: yes
configure:4791: checking sys/socket.h usability
configure:4791: gcc -c -g -O2  conftest.c >&5
configure:4791: $? = 0
configure:4791: result: yes
configure:4791: checking sys/socket.h presence
configure:4791: gcc -E  conftest.c
configure:4791: $? = 0
configure:4791: result: yes
configure:4791: checking for sys/socket.h
configure:4791: result: yes
configure:4791: checking sys/statvfs.h usability
configure:4791: gcc -c -g -O2  conftest.c >&5
configure:4791: $? = 0
configure:4791: result: yes
configure:4791: checking sys/statvfs.h presence
configure:4791: gcc -E  conftest.c
configure:4791: $? = 0
configure:4791: result: yes
configure:4791: checking for sys/statvfs.h
configure:4791: result: yes
configure:4791: checking sys/time.h usability
configure:4791: gcc -c -g -O2  conftest.c >&5
configure:4791: $? = 0
configure:4791: result: yes
configure:4791: checking sys/time.h presence
configure:4791: gcc -E  conftest.c
configure:4791: $? = 0
configure:4791: result: yes
configure:4791: checking for sys/time.h
configure:4791: result: yes
configure:4791: checking syslog.h usability
configure:4791: gcc -c -g -O2  conftest.c >&5
configure:4791: $? = 0
configure:4791: result: yes
configure:4791: checking syslog.h presence
configure:4791: gcc -E  conftest.c
configure:4791: $? = 0
configure:4791: result: yes
configure:4791: checking for syslog.h
configure:4791: result: yes
configure:4791: checking for unistd.h
configure:4791: result: yes
configure:4791: checking wchar.h usability
configure:4791: gcc -c -g -O2  conftest.c >&5
configure:4791: $? = 0
configure:4791: result: yes
configure:4791: checking wchar.h presence
configure:4791: gcc -E  conftest.c
configure:4791: $? = 0
configure:4791: result: yes
configure:4791: checking for wchar.h
configure:4791: result: yes
configure:4807: checking build system type
configure:4821: result: x86_64-unknown-linux-gnu
configure:4841: checking host system type
configure:4854: result: x86_64-unknown-linux-gnu
configure:4884: checking for uid_t in sys/types.h
configure:4903: result: yes
configure:4914: checking for int32_t
configure:4914: gcc -c -g -O2  conftest.c >&5
configure:4914: $? = 0
configure:4914: gcc -c -g -O2  conftest.c >&5
conftest.c: In function 'main':
conftest.c:75:53: warning: integer overflow in expression [-Woverflow]
    < (int32_t) (((((int32_t) 1 << N) << N) - 1) * 2 + 2))];
                                                     ^
conftest.c:74:12: error: storage size of 'test_array' isn't constant
 static int test_array [1 - 2 * !((int32_t) (((((int32_t) 1 << N) << N) - 1) * 2 + 1)
            ^~~~~~~~~~
configure:4914: $? = 1
configure: failed program was:
| /* confdefs.h */
| #define PACKAGE_NAME "vnstat"
| #define PACKAGE_TARNAME "vnstat"
| #define PACKAGE_VERSION "1.18"
| #define PACKAGE_STRING "vnstat 1.18"
| #define PACKAGE_BUGREPORT ""
| #define PACKAGE_URL ""
| #define PACKAGE "vnstat"
| #define VERSION "1.18"
| #define HAVE_LIBM 1
| #define STDC_HEADERS 1
| #define HAVE_SYS_TYPES_H 1
| #define HAVE_SYS_STAT_H 1
| #define HAVE_STDLIB_H 1
| #define HAVE_STRING_H 1
| #define HAVE_MEMORY_H 1
| #define HAVE_STRINGS_H 1
| #define HAVE_INTTYPES_H 1
| #define HAVE_STDINT_H 1
| #define HAVE_UNISTD_H 1
| #define HAVE_FCNTL_H 1
| #define HAVE_INTTYPES_H 1
| #define HAVE_LOCALE_H 1
| #define HAVE_STDINT_H 1
| #define HAVE_STDLIB_H 1
| #define HAVE_STRING_H 1
| #define HAVE_SYS_FILE_H 1
| #define HAVE_SYS_MOUNT_H 1
| #define HAVE_SYS_PARAM_H 1
| #define HAVE_SYS_SOCKET_H 1
| #define HAVE_SYS_STATVFS_H 1
| #define HAVE_SYS_TIME_H 1
| #define HAVE_SYSLOG_H 1
| #define HAVE_UNISTD_H 1
| #define HAVE_WCHAR_H 1
| /* end confdefs.h.  */
| #include <stdio.h>
| #ifdef HAVE_SYS_TYPES_H
| # include <sys/types.h>
| #endif
| #ifdef HAVE_SYS_STAT_H
| # include <sys/stat.h>
| #endif
| #ifdef STDC_HEADERS
| # include <stdlib.h>
| # include <stddef.h>
| #else
| # ifdef HAVE_STDLIB_H
| #  include <stdlib.h>
| # endif
| #endif
| #ifdef HAVE_STRING_H
| # if !defined STDC_HEADERS && defined HAVE_MEMORY_H
| #  include <memory.h>
| # endif
| # include <string.h>
| #endif
| #ifdef HAVE_STRINGS_H
| # include <strings.h>
| #endif
| #ifdef HAVE_INTTYPES_H
| # include <inttypes.h>
| #endif
| #ifdef HAVE_STDINT_H
| # include <stdint.h>
| #endif
| #ifdef HAVE_UNISTD_H
| # include <unistd.h>
| #endif
| 	        enum { N = 32 / 2 - 1 };
| int
| main ()
| {
| static int test_array [1 - 2 * !((int32_t) (((((int32_t) 1 << N) << N) - 1) * 2 + 1)
| 		 < (int32_t) (((((int32_t) 1 << N) << N) - 1) * 2 + 2))];
| test_array [0] = 0;
| return test_array [0];
| 
|   ;
|   return 0;
| }
configure:4914: result: yes
configure:4925: checking for mode_t
configure:4925: gcc -c -g -O2  conftest.c >&5
configure:4925: $? = 0
configure:4925: gcc -c -g -O2  conftest.c >&5
conftest.c: In function 'main':
conftest.c:73:21: error: expected expression before ')' token
 if (sizeof ((mode_t)))
                     ^
configure:4925: $? = 1
configure: failed program was:
| /* confdefs.h */
| #define PACKAGE_NAME "vnstat"
| #define PACKAGE_TARNAME "vnstat"
| #define PACKAGE_VERSION "1.18"
| #define PACKAGE_STRING "vnstat 1.18"
| #define PACKAGE_BUGREPORT ""
| #define PACKAGE_URL ""
| #define PACKAGE "vnstat"
| #define VERSION "1.18"
| #define HAVE_LIBM 1
| #define STDC_HEADERS 1
| #define HAVE_SYS_TYPES_H 1
| #define HAVE_SYS_STAT_H 1
| #define HAVE_STDLIB_H 1
| #define HAVE_STRING_H 1
| #define HAVE_MEMORY_H 1
| #define HAVE_STRINGS_H 1
| #define HAVE_INTTYPES_H 1
| #define HAVE_STDINT_H 1
| #define HAVE_UNISTD_H 1
| #define HAVE_FCNTL_H 1
| #define HAVE_INTTYPES_H 1
| #define HAVE_LOCALE_H 1
| #define HAVE_STDINT_H 1
| #define HAVE_STDLIB_H 1
| #define HAVE_STRING_H 1
| #define HAVE_SYS_FILE_H 1
| #define HAVE_SYS_MOUNT_H 1
| #define HAVE_SYS_PARAM_H 1
| #define HAVE_SYS_SOCKET_H 1
| #define HAVE_SYS_STATVFS_H 1
| #define HAVE_SYS_TIME_H 1
| #define HAVE_SYSLOG_H 1
| #define HAVE_UNISTD_H 1
| #define HAVE_WCHAR_H 1
| /* end confdefs.h.  */
| #include <stdio.h>
| #ifdef HAVE_SYS_TYPES_H
| # include <sys/types.h>
| #endif
| #ifdef HAVE_SYS_STAT_H
| # include <sys/stat.h>
| #endif
| #ifdef STDC_HEADERS
| # include <stdlib.h>
| # include <stddef.h>
| #else
| # ifdef HAVE_STDLIB_H
| #  include <stdlib.h>
| # endif
| #endif
| #ifdef HAVE_STRING_H
| # if !defined STDC_HEADERS && defined HAVE_MEMORY_H
| #  include <memory.h>
| # endif
| # include <string.h>
| #endif
| #ifdef HAVE_STRINGS_H
| # include <strings.h>
| #endif
| #ifdef HAVE_INTTYPES_H
| # include <inttypes.h>
| #endif
| #ifdef HAVE_STDINT_H
| # include <stdint.h>
| #endif
| #ifdef HAVE_UNISTD_H
| # include <unistd.h>
| #endif
| int
| main ()
| {
| if (sizeof ((mode_t)))
| 	    return 0;
|   ;
|   return 0;
| }
configure:4925: result: yes
configure:4936: checking for size_t
configure:4936: gcc -c -g -O2  conftest.c >&5
configure:4936: $? = 0
configure:4936: gcc -c -g -O2  conftest.c >&5
conftest.c: In function 'main':
conftest.c:73:21: error: expected expression before ')' token
 if (sizeof ((size_t)))
                     ^
configure:4936: $? = 1
configure: failed program was:
| /* confdefs.h */
| #define PACKAGE_NAME "vnstat"
| #define PACKAGE_TARNAME "vnstat"
| #define PACKAGE_VERSION "1.18"
| #define PACKAGE_STRING "vnstat 1.18"
| #define PACKAGE_BUGREPORT ""
| #define PACKAGE_URL ""
| #define PACKAGE "vnstat"
| #define VERSION "1.18"
| #define HAVE_LIBM 1
| #define STDC_HEADERS 1
| #define HAVE_SYS_TYPES_H 1
| #define HAVE_SYS_STAT_H 1
| #define HAVE_STDLIB_H 1
| #define HAVE_STRING_H 1
| #define HAVE_MEMORY_H 1
| #define HAVE_STRINGS_H 1
| #define HAVE_INTTYPES_H 1
| #define HAVE_STDINT_H 1
| #define HAVE_UNISTD_H 1
| #define HAVE_FCNTL_H 1
| #define HAVE_INTTYPES_H 1
| #define HAVE_LOCALE_H 1
| #define HAVE_STDINT_H 1
| #define HAVE_STDLIB_H 1
| #define HAVE_STRING_H 1
| #define HAVE_SYS_FILE_H 1
| #define HAVE_SYS_MOUNT_H 1
| #define HAVE_SYS_PARAM_H 1
| #define HAVE_SYS_SOCKET_H 1
| #define HAVE_SYS_STATVFS_H 1
| #define HAVE_SYS_TIME_H 1
| #define HAVE_SYSLOG_H 1
| #define HAVE_UNISTD_H 1
| #define HAVE_WCHAR_H 1
| /* end confdefs.h.  */
| #include <stdio.h>
| #ifdef HAVE_SYS_TYPES_H
| # include <sys/types.h>
| #endif
| #ifdef HAVE_SYS_STAT_H
| # include <sys/stat.h>
| #endif
| #ifdef STDC_HEADERS
| # include <stdlib.h>
| # include <stddef.h>
| #else
| # ifdef HAVE_STDLIB_H
| #  include <stdlib.h>
| # endif
| #endif
| #ifdef HAVE_STRING_H
| # if !defined STDC_HEADERS && defined HAVE_MEMORY_H
| #  include <memory.h>
| # endif
| # include <string.h>
| #endif
| #ifdef HAVE_STRINGS_H
| # include <strings.h>
| #endif
| #ifdef HAVE_INTTYPES_H
| # include <inttypes.h>
| #endif
| #ifdef HAVE_STDINT_H
| # include <stdint.h>
| #endif
| #ifdef HAVE_UNISTD_H
| # include <unistd.h>
| #endif
| int
| main ()
| {
| if (sizeof ((size_t)))
| 	    return 0;
|   ;
|   return 0;
| }
configure:4936: result: yes
configure:4947: checking for uint32_t
configure:4947: gcc -c -g -O2  conftest.c >&5
configure:4947: $? = 0
configure:4947: result: yes
configure:4961: checking for uint64_t
configure:4961: gcc -c -g -O2  conftest.c >&5
configure:4961: $? = 0
configure:4961: result: yes
configure:4979: checking for unistd.h
configure:4979: result: yes
configure:4989: checking for working chown
configure:5022: gcc -o conftest -g -O2   conftest.c -lm  >&5
configure:5022: $? = 0
configure:5022: ./conftest
configure:5022: $? = 0
configure:5034: result: yes
configure:5042: checking for pid_t
configure:5042: gcc -c -g -O2  conftest.c >&5
configure:5042: $? = 0
configure:5042: gcc -c -g -O2  conftest.c >&5
conftest.c: In function 'main':
conftest.c:75:20: error: expected expression before ')' token
 if (sizeof ((pid_t)))
                    ^
configure:5042: $? = 1
configure: failed program was:
| /* confdefs.h */
| #define PACKAGE_NAME "vnstat"
| #define PACKAGE_TARNAME "vnstat"
| #define PACKAGE_VERSION "1.18"
| #define PACKAGE_STRING "vnstat 1.18"
| #define PACKAGE_BUGREPORT ""
| #define PACKAGE_URL ""
| #define PACKAGE "vnstat"
| #define VERSION "1.18"
| #define HAVE_LIBM 1
| #define STDC_HEADERS 1
| #define HAVE_SYS_TYPES_H 1
| #define HAVE_SYS_STAT_H 1
| #define HAVE_STDLIB_H 1
| #define HAVE_STRING_H 1
| #define HAVE_MEMORY_H 1
| #define HAVE_STRINGS_H 1
| #define HAVE_INTTYPES_H 1
| #define HAVE_STDINT_H 1
| #define HAVE_UNISTD_H 1
| #define HAVE_FCNTL_H 1
| #define HAVE_INTTYPES_H 1
| #define HAVE_LOCALE_H 1
| #define HAVE_STDINT_H 1
| #define HAVE_STDLIB_H 1
| #define HAVE_STRING_H 1
| #define HAVE_SYS_FILE_H 1
| #define HAVE_SYS_MOUNT_H 1
| #define HAVE_SYS_PARAM_H 1
| #define HAVE_SYS_SOCKET_H 1
| #define HAVE_SYS_STATVFS_H 1
| #define HAVE_SYS_TIME_H 1
| #define HAVE_SYSLOG_H 1
| #define HAVE_UNISTD_H 1
| #define HAVE_WCHAR_H 1
| #define HAVE_UNISTD_H 1
| #define HAVE_CHOWN 1
| /* end confdefs.h.  */
| #include <stdio.h>
| #ifdef HAVE_SYS_TYPES_H
| # include <sys/types.h>
| #endif
| #ifdef HAVE_SYS_STAT_H
| # include <sys/stat.h>
| #endif
| #ifdef STDC_HEADERS
| # include <stdlib.h>
| # include <stddef.h>
| #else
| # ifdef HAVE_STDLIB_H
| #  include <stdlib.h>
| # endif
| #endif
| #ifdef HAVE_STRING_H
| # if !defined STDC_HEADERS && defined HAVE_MEMORY_H
| #  include <memory.h>
| # endif
| # include <string.h>
| #endif
| #ifdef HAVE_STRINGS_H
| # include <strings.h>
| #endif
| #ifdef HAVE_INTTYPES_H
| # include <inttypes.h>
| #endif
| #ifdef HAVE_STDINT_H
| # include <stdint.h>
| #endif
| #ifdef HAVE_UNISTD_H
| # include <unistd.h>
| #endif
| int
| main ()
| {
| if (sizeof ((pid_t)))
| 	    return 0;
|   ;
|   return 0;
| }
configure:5042: result: yes
configure:5055: checking vfork.h usability
configure:5055: gcc -c -g -O2  conftest.c >&5
conftest.c:72:10: fatal error: vfork.h: No such file or directory
 #include <vfork.h>
          ^~~~~~~~~
compilation terminated.
configure:5055: $? = 1
configure: failed program was:
| /* confdefs.h */
| #define PACKAGE_NAME "vnstat"
| #define PACKAGE_TARNAME "vnstat"
| #define PACKAGE_VERSION "1.18"
| #define PACKAGE_STRING "vnstat 1.18"
| #define PACKAGE_BUGREPORT ""
| #define PACKAGE_URL ""
| #define PACKAGE "vnstat"
| #define VERSION "1.18"
| #define HAVE_LIBM 1
| #define STDC_HEADERS 1
| #define HAVE_SYS_TYPES_H 1
| #define HAVE_SYS_STAT_H 1
| #define HAVE_STDLIB_H 1
| #define HAVE_STRING_H 1
| #define HAVE_MEMORY_H 1
| #define HAVE_STRINGS_H 1
| #define HAVE_INTTYPES_H 1
| #define HAVE_STDINT_H 1
| #define HAVE_UNISTD_H 1
| #define HAVE_FCNTL_H 1
| #define HAVE_INTTYPES_H 1
| #define HAVE_LOCALE_H 1
| #define HAVE_STDINT_H 1
| #define HAVE_STDLIB_H 1
| #define HAVE_STRING_H 1
| #define HAVE_SYS_FILE_H 1
| #define HAVE_SYS_MOUNT_H 1
| #define HAVE_SYS_PARAM_H 1
| #define HAVE_SYS_SOCKET_H 1
| #define HAVE_SYS_STATVFS_H 1
| #define HAVE_SYS_TIME_H 1
| #define HAVE_SYSLOG_H 1
| #define HAVE_UNISTD_H 1
| #define HAVE_WCHAR_H 1
| #define HAVE_UNISTD_H 1
| #define HAVE_CHOWN 1
| /* end confdefs.h.  */
| #include <stdio.h>
| #ifdef HAVE_SYS_TYPES_H
| # include <sys/types.h>
| #endif
| #ifdef HAVE_SYS_STAT_H
| # include <sys/stat.h>
| #endif
| #ifdef STDC_HEADERS
| # include <stdlib.h>
| # include <stddef.h>
| #else
| # ifdef HAVE_STDLIB_H
| #  include <stdlib.h>
| # endif
| #endif
| #ifdef HAVE_STRING_H
| # if !defined STDC_HEADERS && defined HAVE_MEMORY_H
| #  include <memory.h>
| # endif
| # include <string.h>
| #endif
| #ifdef HAVE_STRINGS_H
| # include <strings.h>
| #endif
| #ifdef HAVE_INTTYPES_H
| # include <inttypes.h>
| #endif
| #ifdef HAVE_STDINT_H
| # include <stdint.h>
| #endif
| #ifdef HAVE_UNISTD_H
| # include <unistd.h>
| #endif
| #include <vfork.h>
configure:5055: result: no
configure:5055: checking vfork.h presence
configure:5055: gcc -E  conftest.c
conftest.c:39:10: fatal error: vfork.h: No such file or directory
 #include <vfork.h>
          ^~~~~~~~~
compilation terminated.
configure:5055: $? = 1
configure: failed program was:
| /* confdefs.h */
| #define PACKAGE_NAME "vnstat"
| #define PACKAGE_TARNAME "vnstat"
| #define PACKAGE_VERSION "1.18"
| #define PACKAGE_STRING "vnstat 1.18"
| #define PACKAGE_BUGREPORT ""
| #define PACKAGE_URL ""
| #define PACKAGE "vnstat"
| #define VERSION "1.18"
| #define HAVE_LIBM 1
| #define STDC_HEADERS 1
| #define HAVE_SYS_TYPES_H 1
| #define HAVE_SYS_STAT_H 1
| #define HAVE_STDLIB_H 1
| #define HAVE_STRING_H 1
| #define HAVE_MEMORY_H 1
| #define HAVE_STRINGS_H 1
| #define HAVE_INTTYPES_H 1
| #define HAVE_STDINT_H 1
| #define HAVE_UNISTD_H 1
| #define HAVE_FCNTL_H 1
| #define HAVE_INTTYPES_H 1
| #define HAVE_LOCALE_H 1
| #define HAVE_STDINT_H 1
| #define HAVE_STDLIB_H 1
| #define HAVE_STRING_H 1
| #define HAVE_SYS_FILE_H 1
| #define HAVE_SYS_MOUNT_H 1
| #define HAVE_SYS_PARAM_H 1
| #define HAVE_SYS_SOCKET_H 1
| #define HAVE_SYS_STATVFS_H 1
| #define HAVE_SYS_TIME_H 1
| #define HAVE_SYSLOG_H 1
| #define HAVE_UNISTD_H 1
| #define HAVE_WCHAR_H 1
| #define HAVE_UNISTD_H 1
| #define HAVE_CHOWN 1
| /* end confdefs.h.  */
| #include <vfork.h>
configure:5055: result: no
configure:5055: checking for vfork.h
configure:5055: result: no
configure:5068: checking for fork
configure:5068: gcc -o conftest -g -O2   conftest.c -lm  >&5
conftest.c:62:6: warning: conflicting types for built-in function 'fork' [-Wbuiltin-declaration-mismatch]
 char fork ();
      ^~~~
configure:5068: $? = 0
configure:5068: result: yes
configure:5068: checking for vfork
configure:5068: gcc -o conftest -g -O2   conftest.c -lm  >&5
configure:5068: $? = 0
configure:5068: result: yes
configure:5078: checking for working fork
configure:5100: gcc -o conftest -g -O2   conftest.c -lm  >&5
configure:5100: $? = 0
configure:5100: ./conftest
configure:5100: $? = 0
configure:5110: result: yes
configure:5131: checking for working vfork
configure:5241: result: yes
configure:5266: checking whether time.h and sys/time.h may both be included
configure:5286: gcc -c -g -O2  conftest.c >&5
configure:5286: $? = 0
configure:5293: result: yes
configure:5307: checking for sys/time.h
configure:5307: result: yes
configure:5307: checking for unistd.h
configure:5307: result: yes
configure:5328: checking for alarm
configure:5328: gcc -o conftest -g -O2   conftest.c -lm  >&5
configure:5328: $? = 0
configure:5328: result: yes
configure:5341: checking for working mktime
configure:5543: gcc -o conftest -g -O2   conftest.c -lm  >&5
configure:5543: $? = 0
configure:5543: ./conftest
configure:5543: $? = 0
configure:5553: result: yes
configure:5567: checking for dup2
configure:5567: gcc -o conftest -g -O2   conftest.c -lm  >&5
configure:5567: $? = 0
configure:5567: result: yes
configure:5567: checking for localtime_r
configure:5567: gcc -o conftest -g -O2   conftest.c -lm  >&5
configure:5567: $? = 0
configure:5567: result: yes
configure:5567: checking for memset
configure:5567: gcc -o conftest -g -O2   conftest.c -lm  >&5
conftest.c:72:6: warning: conflicting types for built-in function 'memset' [-Wbuiltin-declaration-mismatch]
 char memset ();
      ^~~~~~
configure:5567: $? = 0
configure:5567: result: yes
configure:5567: checking for mkdir
configure:5567: gcc -o conftest -g -O2   conftest.c -lm  >&5
configure:5567: $? = 0
configure:5567: result: yes
configure:5567: checking for pow
configure:5567: gcc -o conftest -g -O2   conftest.c -lm  >&5
conftest.c:74:6: warning: conflicting types for built-in function 'pow' [-Wbuiltin-declaration-mismatch]
 char pow ();
      ^~~
configure:5567: $? = 0
configure:5567: result: yes
configure:5567: checking for rmdir
configure:5567: gcc -o conftest -g -O2   conftest.c -lm  >&5
configure:5567: $? = 0
configure:5567: result: yes
configure:5567: checking for setlocale
configure:5567: gcc -o conftest -g -O2   conftest.c -lm  >&5
configure:5567: $? = 0
configure:5567: result: yes
configure:5567: checking for strcasecmp
configure:5567: gcc -o conftest -g -O2   conftest.c -lm  >&5
conftest.c:77:6: warning: conflicting types for built-in function 'strcasecmp' [-Wbuiltin-declaration-mismatch]
 char strcasecmp ();
      ^~~~~~~~~~
configure:5567: $? = 0
configure:5567: result: yes
configure:5567: checking for strchr
configure:5567: gcc -o conftest -g -O2   conftest.c -lm  >&5
conftest.c:78:6: warning: conflicting types for built-in function 'strchr' [-Wbuiltin-declaration-mismatch]
 char strchr ();
      ^~~~~~
configure:5567: $? = 0
configure:5567: result: yes
configure:5567: checking for strdup
configure:5567: gcc -o conftest -g -O2   conftest.c -lm  >&5
conftest.c:79:6: warning: conflicting types for built-in function 'strdup' [-Wbuiltin-declaration-mismatch]
 char strdup ();
      ^~~~~~
configure:5567: $? = 0
configure:5567: result: yes
configure:5567: checking for strerror
configure:5567: gcc -o conftest -g -O2   conftest.c -lm  >&5
configure:5567: $? = 0
configure:5567: result: yes
configure:5567: checking for strncasecmp
configure:5567: gcc -o conftest -g -O2   conftest.c -lm  >&5
conftest.c:81:6: warning: conflicting types for built-in function 'strncasecmp' [-Wbuiltin-declaration-mismatch]
 char strncasecmp ();
      ^~~~~~~~~~~
configure:5567: $? = 0
configure:5567: result: yes
configure:5567: checking for strstr
configure:5567: gcc -o conftest -g -O2   conftest.c -lm  >&5
conftest.c:82:6: warning: conflicting types for built-in function 'strstr' [-Wbuiltin-declaration-mismatch]
 char strstr ();
      ^~~~~~
configure:5567: $? = 0
configure:5567: result: yes
configure:5567: checking for strtol
configure:5567: gcc -o conftest -g -O2   conftest.c -lm  >&5
configure:5567: $? = 0
configure:5567: result: yes
configure:5567: checking for strtoul
configure:5567: gcc -o conftest -g -O2   conftest.c -lm  >&5
configure:5567: $? = 0
configure:5567: result: yes
configure:5567: checking for strtoull
configure:5567: gcc -o conftest -g -O2   conftest.c -lm  >&5
configure:5567: $? = 0
configure:5567: result: yes
configure:5567: checking for tzset
configure:5567: gcc -o conftest -g -O2   conftest.c -lm  >&5
configure:5567: $? = 0
configure:5567: result: yes
configure:5567: checking for mbstowcs
configure:5567: gcc -o conftest -g -O2   conftest.c -lm  >&5
configure:5567: $? = 0
configure:5567: result: yes
configure:5567: checking for wcswidth
configure:5567: gcc -o conftest -g -O2   conftest.c -lm  >&5
configure:5567: $? = 0
configure:5567: result: yes
configure:5688: checking that generated files are newer than configure
configure:5694: result: done
configure:5733: creating ./config.status

## ---------------------- ##
## Running config.status. ##
## ---------------------- ##

This file was extended by vnstat config.status 1.18, which was
generated by GNU Autoconf 2.69.  Invocation command line was

  CONFIG_FILES    = 
  CONFIG_HEADERS  = 
  CONFIG_LINKS    = 
  CONFIG_COMMANDS = 
  $ ./config.status 

on ip-172-31-38-111

config.status:920: creating Makefile
config.status:920: creating src/config.h
config.status:1149: executing depfiles commands
configure:7050: 
configure:7052:  ============================================== 
configure:7054: 
configure:7056:          host: x86_64-unknown-linux-gnu 
configure:7058:         build: x86_64-unknown-linux-gnu 
configure:7060: 
configure:7062:        prefix: /home2/ec2-user/dev/network_monitoring/vnstat-1.18     
configure:7064:    sysconfdir: ${prefix}/etc 
configure:7066: 
configure:7068:    Install paths 
configure:7070: 
configure:7072:     vnstat: /home2/ec2-user/dev/network_monitoring/vnstat-1.18/bin/vnstat 
configure:7081:    vnstatd: /home2/ec2-user/dev/network_monitoring/vnstat-1.18/sbin/vnstatd 
configure:7083:     config: ${prefix}/etc/vnstat.conf 
configure:7085: 
configure:7093:           Tests: unavailable 
configure:7102:    Image output: disabled 
configure:7105: 
configure:7107:  ============================================== 
configure:7109: 

## ---------------- ##
## Cache variables. ##
## ---------------- ##

ac_cv_build=x86_64-unknown-linux-gnu
ac_cv_c_compiler_gnu=yes
ac_cv_c_int32_t=yes
ac_cv_c_uint32_t=yes
ac_cv_c_uint64_t=yes
ac_cv_env_CC_set=
ac_cv_env_CC_value=
ac_cv_env_CFLAGS_set=
ac_cv_env_CFLAGS_value=
ac_cv_env_CHECK_CFLAGS_set=
ac_cv_env_CHECK_CFLAGS_value=
ac_cv_env_CHECK_LIBS_set=
ac_cv_env_CHECK_LIBS_value=
ac_cv_env_CPPFLAGS_set=
ac_cv_env_CPPFLAGS_value=
ac_cv_env_CPP_set=
ac_cv_env_CPP_value=
ac_cv_env_LDFLAGS_set=
ac_cv_env_LDFLAGS_value=
ac_cv_env_LIBS_set=
ac_cv_env_LIBS_value=
ac_cv_env_PKG_CONFIG_LIBDIR_set=
ac_cv_env_PKG_CONFIG_LIBDIR_value=
ac_cv_env_PKG_CONFIG_PATH_set=
ac_cv_env_PKG_CONFIG_PATH_value=
ac_cv_env_PKG_CONFIG_set=
ac_cv_env_PKG_CONFIG_value=
ac_cv_env_build_alias_set=
ac_cv_env_build_alias_value=
ac_cv_env_host_alias_set=
ac_cv_env_host_alias_value=
ac_cv_env_target_alias_set=
ac_cv_env_target_alias_value=
ac_cv_func_alarm=yes
ac_cv_func_chown_works=yes
ac_cv_func_dup2=yes
ac_cv_func_fork=yes
ac_cv_func_fork_works=yes
ac_cv_func_localtime_r=yes
ac_cv_func_mbstowcs=yes
ac_cv_func_memset=yes
ac_cv_func_mkdir=yes
ac_cv_func_pow=yes
ac_cv_func_rmdir=yes
ac_cv_func_setlocale=yes
ac_cv_func_strcasecmp=yes
ac_cv_func_strchr=yes
ac_cv_func_strdup=yes
ac_cv_func_strerror=yes
ac_cv_func_strncasecmp=yes
ac_cv_func_strstr=yes
ac_cv_func_strtol=yes
ac_cv_func_strtoul=yes
ac_cv_func_strtoull=yes
ac_cv_func_tzset=yes
ac_cv_func_vfork=yes
ac_cv_func_vfork_works=yes
ac_cv_func_wcswidth=yes
ac_cv_func_working_mktime=yes
ac_cv_header_fcntl_h=yes
ac_cv_header_inttypes_h=yes
ac_cv_header_locale_h=yes
ac_cv_header_memory_h=yes
ac_cv_header_stdc=yes
ac_cv_header_stdint_h=yes
ac_cv_header_stdlib_h=yes
ac_cv_header_string_h=yes
ac_cv_header_strings_h=yes
ac_cv_header_sys_file_h=yes
ac_cv_header_sys_mount_h=yes
ac_cv_header_sys_param_h=yes
ac_cv_header_sys_socket_h=yes
ac_cv_header_sys_stat_h=yes
ac_cv_header_sys_statvfs_h=yes
ac_cv_header_sys_time_h=yes
ac_cv_header_sys_types_h=yes
ac_cv_header_syslog_h=yes
ac_cv_header_time=yes
ac_cv_header_unistd_h=yes
ac_cv_header_vfork_h=no
ac_cv_header_wchar_h=yes
ac_cv_host=x86_64-unknown-linux-gnu
ac_cv_lib_gd_gdImagePng=no
ac_cv_lib_m_pow=yes
ac_cv_objext=o
ac_cv_path_EGREP='/bin/grep -E'
ac_cv_path_GREP=/bin/grep
ac_cv_path_ac_pt_PKG_CONFIG=/usr/bin/pkg-config
ac_cv_path_install='/usr/bin/install -c'
ac_cv_path_mkdir=/bin/mkdir
ac_cv_prog_AWK=gawk
ac_cv_prog_CPP='gcc -E'
ac_cv_prog_ac_ct_CC=gcc
ac_cv_prog_cc_c89=
ac_cv_prog_cc_g=yes
ac_cv_prog_make_make_set=yes
ac_cv_type_mode_t=yes
ac_cv_type_pid_t=yes
ac_cv_type_size_t=yes
ac_cv_type_uid_t=yes
am_cv_CC_dependencies_compiler_type=gcc3
am_cv_make_support_nested_variables=yes
am_cv_prog_cc_c_o=yes

## ----------------- ##
## Output variables. ##
## ----------------- ##

ACLOCAL='${SHELL} /home2/ec2-user/dev/network_monitoring/vnstat-1.18/missing aclocal-1.14'
AMDEPBACKSLASH='\'
AMDEP_FALSE='#'
AMDEP_TRUE=''
AMTAR='$${TAR-tar}'
AM_BACKSLASH='\'
AM_DEFAULT_V='$(AM_DEFAULT_VERBOSITY)'
AM_DEFAULT_VERBOSITY='1'
AM_V='$(V)'
AUTOCONF='${SHELL} /home2/ec2-user/dev/network_monitoring/vnstat-1.18/missing autoconf'
AUTOHEADER='${SHELL} /home2/ec2-user/dev/network_monitoring/vnstat-1.18/missing autoheader'
AUTOMAKE='${SHELL} /home2/ec2-user/dev/network_monitoring/vnstat-1.18/missing automake-1.14'
AWK='gawk'
CC='gcc'
CCDEPMODE='depmode=gcc3'
CFLAGS='-g -O2'
CHECK_CFLAGS=''
CHECK_LIBS=''
CPP='gcc -E'
CPPFLAGS=''
CYGPATH_W='echo'
DEFS='-DHAVE_CONFIG_H'
DEPDIR='.deps'
ECHO_C=''
ECHO_N='-n'
ECHO_T=''
EGREP='/bin/grep -E'
EXEEXT=''
GREP='/bin/grep'
HAVE_CHECK_FALSE=''
HAVE_CHECK_TRUE='#'
HAVE_LIBGD_FALSE=''
HAVE_LIBGD_TRUE='#'
IMAGELIBS=''
INSTALL_DATA='${INSTALL} -m 644'
INSTALL_PROGRAM='${INSTALL}'
INSTALL_SCRIPT='${INSTALL}'
INSTALL_STRIP_PROGRAM='$(install_sh) -c -s'
IS_CROSSCOMPILED_FALSE=''
IS_CROSSCOMPILED_TRUE='#'
LDFLAGS=''
LIBOBJS=''
LIBS='-lm '
LTLIBOBJS=''
MAINT='#'
MAINTAINER_MODE_FALSE=''
MAINTAINER_MODE_TRUE='#'
MAKEINFO='${SHELL} /home2/ec2-user/dev/network_monitoring/vnstat-1.18/missing makeinfo'
MKDIR_P='/bin/mkdir -p'
OBJEXT='o'
PACKAGE='vnstat'
PACKAGE_BUGREPORT=''
PACKAGE_NAME='vnstat'
PACKAGE_STRING='vnstat 1.18'
PACKAGE_TARNAME='vnstat'
PACKAGE_URL=''
PACKAGE_VERSION='1.18'
PATH_SEPARATOR=':'
PKG_CONFIG='/usr/bin/pkg-config'
PKG_CONFIG_LIBDIR=''
PKG_CONFIG_PATH=''
SET_MAKE=''
SHELL='/bin/sh'
STRIP=''
VERSION='1.18'
ac_ct_CC='gcc'
am__EXEEXT_FALSE=''
am__EXEEXT_TRUE='#'
am__fastdepCC_FALSE='#'
am__fastdepCC_TRUE=''
am__include='include'
am__isrc=''
am__leading_dot='.'
am__nodep='_no'
am__quote=''
am__tar='$${TAR-tar} chof - "$$tardir"'
am__untar='$${TAR-tar} xf -'
bindir='${exec_prefix}/bin'
build='x86_64-unknown-linux-gnu'
build_alias=''
build_cpu='x86_64'
build_os='linux-gnu'
build_vendor='unknown'
datadir='${datarootdir}'
datarootdir='${prefix}/share'
docdir='${datarootdir}/doc/${PACKAGE_TARNAME}'
dvidir='${docdir}'
exec_prefix='${prefix}'
host='x86_64-unknown-linux-gnu'
host_alias=''
host_cpu='x86_64'
host_os='linux-gnu'
host_vendor='unknown'
htmldir='${docdir}'
includedir='${prefix}/include'
infodir='${datarootdir}/info'
install_sh='${SHELL} /home2/ec2-user/dev/network_monitoring/vnstat-1.18/install-sh'
libdir='${exec_prefix}/lib'
libexecdir='${exec_prefix}/libexec'
localedir='${datarootdir}/locale'
localstatedir='${prefix}/var'
mandir='${datarootdir}/man'
mkdir_p='$(MKDIR_P)'
oldincludedir='/usr/include'
pdfdir='${docdir}'
prefix='/home2/ec2-user/dev/network_monitoring/vnstat-1.18'
program_transform_name='s,x,x,'
psdir='${docdir}'
sbindir='${exec_prefix}/sbin'
sharedstatedir='${prefix}/com'
sysconfdir='${prefix}/etc'
target_alias=''

## ----------- ##
## confdefs.h. ##
## ----------- ##

/* confdefs.h */
#define PACKAGE_NAME "vnstat"
#define PACKAGE_TARNAME "vnstat"
#define PACKAGE_VERSION "1.18"
#define PACKAGE_STRING "vnstat 1.18"
#define PACKAGE_BUGREPORT ""
#define PACKAGE_URL ""
#define PACKAGE "vnstat"
#define VERSION "1.18"
#define HAVE_LIBM 1
#define STDC_HEADERS 1
#define HAVE_SYS_TYPES_H 1
#define HAVE_SYS_STAT_H 1
#define HAVE_STDLIB_H 1
#define HAVE_STRING_H 1
#define HAVE_MEMORY_H 1
#define HAVE_STRINGS_H 1
#define HAVE_INTTYPES_H 1
#define HAVE_STDINT_H 1
#define HAVE_UNISTD_H 1
#define HAVE_FCNTL_H 1
#define HAVE_INTTYPES_H 1
#define HAVE_LOCALE_H 1
#define HAVE_STDINT_H 1
#define HAVE_STDLIB_H 1
#define HAVE_STRING_H 1
#define HAVE_SYS_FILE_H 1
#define HAVE_SYS_MOUNT_H 1
#define HAVE_SYS_PARAM_H 1
#define HAVE_SYS_SOCKET_H 1
#define HAVE_SYS_STATVFS_H 1
#define HAVE_SYS_TIME_H 1
#define HAVE_SYSLOG_H 1
#define HAVE_UNISTD_H 1
#define HAVE_WCHAR_H 1
#define HAVE_UNISTD_H 1
#define HAVE_CHOWN 1
#define HAVE_FORK 1
#define HAVE_VFORK 1
#define HAVE_WORKING_VFORK 1
#define HAVE_WORKING_FORK 1
#define TIME_WITH_SYS_TIME 1
#define HAVE_SYS_TIME_H 1
#define HAVE_UNISTD_H 1
#define HAVE_ALARM 1
#define HAVE_DUP2 1
#define HAVE_LOCALTIME_R 1
#define HAVE_MEMSET 1
#define HAVE_MKDIR 1
#define HAVE_POW 1
#define HAVE_RMDIR 1
#define HAVE_SETLOCALE 1
#define HAVE_STRCASECMP 1
#define HAVE_STRCHR 1
#define HAVE_STRDUP 1
#define HAVE_STRERROR 1
#define HAVE_STRNCASECMP 1
#define HAVE_STRSTR 1
#define HAVE_STRTOL 1
#define HAVE_STRTOUL 1
#define HAVE_STRTOULL 1
#define HAVE_TZSET 1
#define HAVE_MBSTOWCS 1
#define HAVE_WCSWIDTH 1

configure: exit 0
